CRITICAL - 2020-10-20 00:12:43 --> Call to undefined function form_open()
#0 C:\xampp\htdocs\boscoding\vendor\codeigniter4\framework\system\View\View.php(246): include()
#1 C:\xampp\htdocs\boscoding\vendor\codeigniter4\framework\system\Common.php(1119): CodeIgniter\View\View->render('register_view', Array, true)
#2 C:\xampp\htdocs\boscoding\app\Controllers\Register.php(7): view('register_view')
#3 C:\xampp\htdocs\boscoding\vendor\codeigniter4\framework\system\CodeIgniter.php(918): App\Controllers\Register->index()
#4 C:\xampp\htdocs\boscoding\vendor\codeigniter4\framework\system\CodeIgniter.php(404): CodeIgniter\CodeIgniter->runController(Object(App\Controllers\Register))
#5 C:\xampp\htdocs\boscoding\vendor\codeigniter4\framework\system\CodeIgniter.php(312): CodeIgniter\CodeIgniter->handleRequest(NULL, Object(Config\Cache), false)
#6 C:\xampp\htdocs\boscoding\index.php(45): CodeIgniter\CodeIgniter->run()
#7 {main}
CRITICAL - 2020-10-20 01:30:38 --> Call to undefined function display_error()
#0 C:\xampp\htdocs\boscoding\vendor\codeigniter4\framework\system\View\View.php(246): include()
#1 C:\xampp\htdocs\boscoding\vendor\codeigniter4\framework\system\Common.php(1119): CodeIgniter\View\View->render('register_view', Array, true)
#2 C:\xampp\htdocs\boscoding\app\Controllers\Register.php(28): view('register_view', Array)
#3 C:\xampp\htdocs\boscoding\vendor\codeigniter4\framework\system\CodeIgniter.php(918): App\Controllers\Register->index()
#4 C:\xampp\htdocs\boscoding\vendor\codeigniter4\framework\system\CodeIgniter.php(404): CodeIgniter\CodeIgniter->runController(Object(App\Controllers\Register))
#5 C:\xampp\htdocs\boscoding\vendor\codeigniter4\framework\system\CodeIgniter.php(312): CodeIgniter\CodeIgniter->handleRequest(NULL, Object(Config\Cache), false)
#6 C:\xampp\htdocs\boscoding\index.php(45): CodeIgniter\CodeIgniter->run()
#7 {main}
CRITICAL - 2020-10-20 01:34:06 --> Use of undefined constant condition - assumed 'condition' (this will throw an Error in a future version of PHP)
#0 C:\xampp\htdocs\boscoding\app\Helpers\Form_helper.php(6): CodeIgniter\Debug\Exceptions->errorHandler(2, 'Use of undefine...', 'C:\\xampp\\htdocs...', 6, Array)
#1 C:\xampp\htdocs\boscoding\app\Views\register_view.php(26): display_error(Object(CodeIgniter\Validation\Validation), 'firstname')
#2 C:\xampp\htdocs\boscoding\vendor\codeigniter4\framework\system\View\View.php(246): include('C:\\xampp\\htdocs...')
#3 C:\xampp\htdocs\boscoding\vendor\codeigniter4\framework\system\Common.php(1119): CodeIgniter\View\View->render('register_view', Array, true)
#4 C:\xampp\htdocs\boscoding\app\Controllers\Register.php(28): view('register_view', Array)
#5 C:\xampp\htdocs\boscoding\vendor\codeigniter4\framework\system\CodeIgniter.php(918): App\Controllers\Register->index()
#6 C:\xampp\htdocs\boscoding\vendor\codeigniter4\framework\system\CodeIgniter.php(404): CodeIgniter\CodeIgniter->runController(Object(App\Controllers\Register))
#7 C:\xampp\htdocs\boscoding\vendor\codeigniter4\framework\system\CodeIgniter.php(312): CodeIgniter\CodeIgniter->handleRequest(NULL, Object(Config\Cache), false)
#8 C:\xampp\htdocs\boscoding\index.php(45): CodeIgniter\CodeIgniter->run()
#9 {main}
CRITICAL - 2020-10-20 01:35:54 --> Use of undefined constant condition - assumed 'condition' (this will throw an Error in a future version of PHP)
#0 C:\xampp\htdocs\boscoding\app\Helpers\Form_helper.php(6): CodeIgniter\Debug\Exceptions->errorHandler(2, 'Use of undefine...', 'C:\\xampp\\htdocs...', 6, Array)
#1 C:\xampp\htdocs\boscoding\app\Views\register_view.php(26): display_error(Object(CodeIgniter\Validation\Validation), 'firstname')
#2 C:\xampp\htdocs\boscoding\vendor\codeigniter4\framework\system\View\View.php(246): include('C:\\xampp\\htdocs...')
#3 C:\xampp\htdocs\boscoding\vendor\codeigniter4\framework\system\Common.php(1119): CodeIgniter\View\View->render('register_view', Array, true)
#4 C:\xampp\htdocs\boscoding\app\Controllers\Register.php(29): view('register_view', Array)
#5 C:\xampp\htdocs\boscoding\vendor\codeigniter4\framework\system\CodeIgniter.php(918): App\Controllers\Register->index()
#6 C:\xampp\htdocs\boscoding\vendor\codeigniter4\framework\system\CodeIgniter.php(404): CodeIgniter\CodeIgniter->runController(Object(App\Controllers\Register))
#7 C:\xampp\htdocs\boscoding\vendor\codeigniter4\framework\system\CodeIgniter.php(312): CodeIgniter\CodeIgniter->handleRequest(NULL, Object(Config\Cache), false)
#8 C:\xampp\htdocs\boscoding\index.php(45): CodeIgniter\CodeIgniter->run()
#9 {main}
CRITICAL - 2020-10-20 01:36:48 --> Use of undefined constant condition - assumed 'condition' (this will throw an Error in a future version of PHP)
#0 C:\xampp\htdocs\boscoding\app\Helpers\Form_helper.php(6): CodeIgniter\Debug\Exceptions->errorHandler(2, 'Use of undefine...', 'C:\\xampp\\htdocs...', 6, Array)
#1 C:\xampp\htdocs\boscoding\app\Views\register_view.php(26): display_error(Object(CodeIgniter\Validation\Validation), 'firstname')
#2 C:\xampp\htdocs\boscoding\vendor\codeigniter4\framework\system\View\View.php(246): include('C:\\xampp\\htdocs...')
#3 C:\xampp\htdocs\boscoding\vendor\codeigniter4\framework\system\Common.php(1119): CodeIgniter\View\View->render('register_view', Array, true)
#4 C:\xampp\htdocs\boscoding\app\Controllers\Register.php(29): view('register_view', Array)
#5 C:\xampp\htdocs\boscoding\vendor\codeigniter4\framework\system\CodeIgniter.php(918): App\Controllers\Register->index()
#6 C:\xampp\htdocs\boscoding\vendor\codeigniter4\framework\system\CodeIgniter.php(404): CodeIgniter\CodeIgniter->runController(Object(App\Controllers\Register))
#7 C:\xampp\htdocs\boscoding\vendor\codeigniter4\framework\system\CodeIgniter.php(312): CodeIgniter\CodeIgniter->handleRequest(NULL, Object(Config\Cache), false)
#8 C:\xampp\htdocs\boscoding\index.php(45): CodeIgniter\CodeIgniter->run()
#9 {main}
CRITICAL - 2020-10-20 01:37:03 --> Use of undefined constant condition - assumed 'condition' (this will throw an Error in a future version of PHP)
#0 C:\xampp\htdocs\boscoding\app\Helpers\Form_helper.php(6): CodeIgniter\Debug\Exceptions->errorHandler(2, 'Use of undefine...', 'C:\\xampp\\htdocs...', 6, Array)
#1 C:\xampp\htdocs\boscoding\app\Views\register_view.php(26): display_error(Object(CodeIgniter\Validation\Validation), 'firstname')
#2 C:\xampp\htdocs\boscoding\vendor\codeigniter4\framework\system\View\View.php(246): include('C:\\xampp\\htdocs...')
#3 C:\xampp\htdocs\boscoding\vendor\codeigniter4\framework\system\Common.php(1119): CodeIgniter\View\View->render('register_view', Array, true)
#4 C:\xampp\htdocs\boscoding\app\Controllers\Register.php(29): view('register_view', Array)
#5 C:\xampp\htdocs\boscoding\vendor\codeigniter4\framework\system\CodeIgniter.php(918): App\Controllers\Register->index()
#6 C:\xampp\htdocs\boscoding\vendor\codeigniter4\framework\system\CodeIgniter.php(404): CodeIgniter\CodeIgniter->runController(Object(App\Controllers\Register))
#7 C:\xampp\htdocs\boscoding\vendor\codeigniter4\framework\system\CodeIgniter.php(312): CodeIgniter\CodeIgniter->handleRequest(NULL, Object(Config\Cache), false)
#8 C:\xampp\htdocs\boscoding\index.php(45): CodeIgniter\CodeIgniter->run()
#9 {main}
CRITICAL - 2020-10-20 01:43:29 --> Argument 3 passed to form_open() must be of the type array, string given, called in C:\xampp\htdocs\boscoding\app\Views\register_view.php on line 17
#0 C:\xampp\htdocs\boscoding\app\Views\register_view.php(17): form_open('', 'class="text-cen...', 'novalidate')
#1 C:\xampp\htdocs\boscoding\vendor\codeigniter4\framework\system\View\View.php(246): include('C:\\xampp\\htdocs...')
#2 C:\xampp\htdocs\boscoding\vendor\codeigniter4\framework\system\Common.php(1119): CodeIgniter\View\View->render('register_view', Array, true)
#3 C:\xampp\htdocs\boscoding\app\Controllers\Register.php(29): view('register_view', Array)
#4 C:\xampp\htdocs\boscoding\vendor\codeigniter4\framework\system\CodeIgniter.php(918): App\Controllers\Register->index()
#5 C:\xampp\htdocs\boscoding\vendor\codeigniter4\framework\system\CodeIgniter.php(404): CodeIgniter\CodeIgniter->runController(Object(App\Controllers\Register))
#6 C:\xampp\htdocs\boscoding\vendor\codeigniter4\framework\system\CodeIgniter.php(312): CodeIgniter\CodeIgniter->handleRequest(NULL, Object(Config\Cache), false)
#7 C:\xampp\htdocs\boscoding\index.php(45): CodeIgniter\CodeIgniter->run()
#8 {main}
CRITICAL - 2020-10-20 02:18:17 --> Unable to connect to the database.
#0 C:\xampp\htdocs\boscoding\vendor\codeigniter4\framework\system\Database\BaseConnection.php(646): CodeIgniter\Database\BaseConnection->initialize()
#1 C:\xampp\htdocs\boscoding\vendor\codeigniter4\framework\system\Database\BaseBuilder.php(1860): CodeIgniter\Database\BaseConnection->query('SELECT 1\nFROM `...', Array, false)
#2 C:\xampp\htdocs\boscoding\vendor\codeigniter4\framework\system\Validation\Rules.php(240): CodeIgniter\Database\BaseBuilder->get()
#3 C:\xampp\htdocs\boscoding\vendor\codeigniter4\framework\system\Validation\Validation.php(325): CodeIgniter\Validation\Rules->is_unique('sumari.w4@gmail...', 'email', Array, NULL)
#4 C:\xampp\htdocs\boscoding\vendor\codeigniter4\framework\system\Validation\Validation.php(189): CodeIgniter\Validation\Validation->processRules('email', 'email', 'sumari.w4@gmail...', Array, Array)
#5 C:\xampp\htdocs\boscoding\vendor\codeigniter4\framework\system\Controller.php(219): CodeIgniter\Validation\Validation->run()
#6 C:\xampp\htdocs\boscoding\app\Controllers\Register.php(23): CodeIgniter\Controller->validate(Array)
#7 C:\xampp\htdocs\boscoding\vendor\codeigniter4\framework\system\CodeIgniter.php(918): App\Controllers\Register->index()
#8 C:\xampp\htdocs\boscoding\vendor\codeigniter4\framework\system\CodeIgniter.php(404): CodeIgniter\CodeIgniter->runController(Object(App\Controllers\Register))
#9 C:\xampp\htdocs\boscoding\vendor\codeigniter4\framework\system\CodeIgniter.php(312): CodeIgniter\CodeIgniter->handleRequest(NULL, Object(Config\Cache), false)
#10 C:\xampp\htdocs\boscoding\index.php(45): CodeIgniter\CodeIgniter->run()
#11 {main}
CRITICAL - 2020-10-20 02:18:28 --> Unable to connect to the database.
#0 C:\xampp\htdocs\boscoding\vendor\codeigniter4\framework\system\Database\BaseConnection.php(646): CodeIgniter\Database\BaseConnection->initialize()
#1 C:\xampp\htdocs\boscoding\vendor\codeigniter4\framework\system\Database\BaseBuilder.php(1860): CodeIgniter\Database\BaseConnection->query('SELECT 1\nFROM `...', Array, false)
#2 C:\xampp\htdocs\boscoding\vendor\codeigniter4\framework\system\Validation\Rules.php(240): CodeIgniter\Database\BaseBuilder->get()
#3 C:\xampp\htdocs\boscoding\vendor\codeigniter4\framework\system\Validation\Validation.php(325): CodeIgniter\Validation\Rules->is_unique('sumari.w4@gmail...', 'email', Array, NULL)
#4 C:\xampp\htdocs\boscoding\vendor\codeigniter4\framework\system\Validation\Validation.php(189): CodeIgniter\Validation\Validation->processRules('email', 'email', 'sumari.w4@gmail...', Array, Array)
#5 C:\xampp\htdocs\boscoding\vendor\codeigniter4\framework\system\Controller.php(219): CodeIgniter\Validation\Validation->run()
#6 C:\xampp\htdocs\boscoding\app\Controllers\Register.php(23): CodeIgniter\Controller->validate(Array)
#7 C:\xampp\htdocs\boscoding\vendor\codeigniter4\framework\system\CodeIgniter.php(918): App\Controllers\Register->index()
#8 C:\xampp\htdocs\boscoding\vendor\codeigniter4\framework\system\CodeIgniter.php(404): CodeIgniter\CodeIgniter->runController(Object(App\Controllers\Register))
#9 C:\xampp\htdocs\boscoding\vendor\codeigniter4\framework\system\CodeIgniter.php(312): CodeIgniter\CodeIgniter->handleRequest(NULL, Object(Config\Cache), false)
#10 C:\xampp\htdocs\boscoding\index.php(45): CodeIgniter\CodeIgniter->run()
#11 {main}
CRITICAL - 2020-10-20 02:18:41 --> Unable to connect to the database.
#0 C:\xampp\htdocs\boscoding\vendor\codeigniter4\framework\system\Database\BaseConnection.php(646): CodeIgniter\Database\BaseConnection->initialize()
#1 C:\xampp\htdocs\boscoding\vendor\codeigniter4\framework\system\Database\BaseBuilder.php(1860): CodeIgniter\Database\BaseConnection->query('SELECT 1\nFROM `...', Array, false)
#2 C:\xampp\htdocs\boscoding\vendor\codeigniter4\framework\system\Validation\Rules.php(240): CodeIgniter\Database\BaseBuilder->get()
#3 C:\xampp\htdocs\boscoding\vendor\codeigniter4\framework\system\Validation\Validation.php(325): CodeIgniter\Validation\Rules->is_unique('sumari.w4@gmail...', 'email', Array, NULL)
#4 C:\xampp\htdocs\boscoding\vendor\codeigniter4\framework\system\Validation\Validation.php(189): CodeIgniter\Validation\Validation->processRules('email', 'email', 'sumari.w4@gmail...', Array, Array)
#5 C:\xampp\htdocs\boscoding\vendor\codeigniter4\framework\system\Controller.php(219): CodeIgniter\Validation\Validation->run()
#6 C:\xampp\htdocs\boscoding\app\Controllers\Register.php(23): CodeIgniter\Controller->validate(Array)
#7 C:\xampp\htdocs\boscoding\vendor\codeigniter4\framework\system\CodeIgniter.php(918): App\Controllers\Register->index()
#8 C:\xampp\htdocs\boscoding\vendor\codeigniter4\framework\system\CodeIgniter.php(404): CodeIgniter\CodeIgniter->runController(Object(App\Controllers\Register))
#9 C:\xampp\htdocs\boscoding\vendor\codeigniter4\framework\system\CodeIgniter.php(312): CodeIgniter\CodeIgniter->handleRequest(NULL, Object(Config\Cache), false)
#10 C:\xampp\htdocs\boscoding\index.php(45): CodeIgniter\CodeIgniter->run()
#11 {main}
CRITICAL - 2020-10-20 02:58:17 --> Unable to connect to the database.
#0 C:\xampp\htdocs\boscoding\vendor\codeigniter4\framework\system\Database\BaseConnection.php(646): CodeIgniter\Database\BaseConnection->initialize()
#1 C:\xampp\htdocs\boscoding\vendor\codeigniter4\framework\system\Database\BaseBuilder.php(1860): CodeIgniter\Database\BaseConnection->query('SELECT 1\nFROM `...', Array, false)
#2 C:\xampp\htdocs\boscoding\vendor\codeigniter4\framework\system\Validation\Rules.php(240): CodeIgniter\Database\BaseBuilder->get()
#3 C:\xampp\htdocs\boscoding\vendor\codeigniter4\framework\system\Validation\Validation.php(325): CodeIgniter\Validation\Rules->is_unique('sumari.w4@gmail...', 'email', Array, NULL)
#4 C:\xampp\htdocs\boscoding\vendor\codeigniter4\framework\system\Validation\Validation.php(189): CodeIgniter\Validation\Validation->processRules('email', 'email', 'sumari.w4@gmail...', Array, Array)
#5 C:\xampp\htdocs\boscoding\vendor\codeigniter4\framework\system\Controller.php(219): CodeIgniter\Validation\Validation->run()
#6 C:\xampp\htdocs\boscoding\app\Controllers\Register.php(30): CodeIgniter\Controller->validate(Array)
#7 C:\xampp\htdocs\boscoding\vendor\codeigniter4\framework\system\CodeIgniter.php(918): App\Controllers\Register->index()
#8 C:\xampp\htdocs\boscoding\vendor\codeigniter4\framework\system\CodeIgniter.php(404): CodeIgniter\CodeIgniter->runController(Object(App\Controllers\Register))
#9 C:\xampp\htdocs\boscoding\vendor\codeigniter4\framework\system\CodeIgniter.php(312): CodeIgniter\CodeIgniter->handleRequest(NULL, Object(Config\Cache), false)
#10 C:\xampp\htdocs\boscoding\index.php(45): CodeIgniter\CodeIgniter->run()
#11 {main}
CRITICAL - 2020-10-20 02:59:11 --> Unable to connect to the database.
#0 C:\xampp\htdocs\boscoding\vendor\codeigniter4\framework\system\Database\BaseConnection.php(646): CodeIgniter\Database\BaseConnection->initialize()
#1 C:\xampp\htdocs\boscoding\vendor\codeigniter4\framework\system\Database\BaseBuilder.php(1860): CodeIgniter\Database\BaseConnection->query('SELECT 1\nFROM `...', Array, false)
#2 C:\xampp\htdocs\boscoding\vendor\codeigniter4\framework\system\Validation\Rules.php(240): CodeIgniter\Database\BaseBuilder->get()
#3 C:\xampp\htdocs\boscoding\vendor\codeigniter4\framework\system\Validation\Validation.php(325): CodeIgniter\Validation\Rules->is_unique('sumari.w4@gmail...', 'email', Array, NULL)
#4 C:\xampp\htdocs\boscoding\vendor\codeigniter4\framework\system\Validation\Validation.php(189): CodeIgniter\Validation\Validation->processRules('email', 'email', 'sumari.w4@gmail...', Array, Array)
#5 C:\xampp\htdocs\boscoding\vendor\codeigniter4\framework\system\Controller.php(219): CodeIgniter\Validation\Validation->run()
#6 C:\xampp\htdocs\boscoding\app\Controllers\Register.php(30): CodeIgniter\Controller->validate(Array)
#7 C:\xampp\htdocs\boscoding\vendor\codeigniter4\framework\system\CodeIgniter.php(918): App\Controllers\Register->index()
#8 C:\xampp\htdocs\boscoding\vendor\codeigniter4\framework\system\CodeIgniter.php(404): CodeIgniter\CodeIgniter->runController(Object(App\Controllers\Register))
#9 C:\xampp\htdocs\boscoding\vendor\codeigniter4\framework\system\CodeIgniter.php(312): CodeIgniter\CodeIgniter->handleRequest(NULL, Object(Config\Cache), false)
#10 C:\xampp\htdocs\boscoding\index.php(45): CodeIgniter\CodeIgniter->run()
#11 {main}
CRITICAL - 2020-10-20 04:11:38 --> max__length is not a valid rule.
#0 C:\xampp\htdocs\boscoding\vendor\codeigniter4\framework\system\Validation\Validation.php(333): CodeIgniter\Validation\Exceptions\ValidationException::forRuleNotFound('max__length')
#1 C:\xampp\htdocs\boscoding\vendor\codeigniter4\framework\system\Validation\Validation.php(189): CodeIgniter\Validation\Validation->processRules('usermame', 'usermame', 'Arry046696', Array, Array)
#2 C:\xampp\htdocs\boscoding\vendor\codeigniter4\framework\system\Controller.php(219): CodeIgniter\Validation\Validation->run()
#3 C:\xampp\htdocs\boscoding\app\Controllers\Register.php(34): CodeIgniter\Controller->validate(Array)
#4 C:\xampp\htdocs\boscoding\vendor\codeigniter4\framework\system\CodeIgniter.php(918): App\Controllers\Register->index()
#5 C:\xampp\htdocs\boscoding\vendor\codeigniter4\framework\system\CodeIgniter.php(404): CodeIgniter\CodeIgniter->runController(Object(App\Controllers\Register))
#6 C:\xampp\htdocs\boscoding\vendor\codeigniter4\framework\system\CodeIgniter.php(312): CodeIgniter\CodeIgniter->handleRequest(NULL, Object(Config\Cache), false)
#7 C:\xampp\htdocs\boscoding\index.php(45): CodeIgniter\CodeIgniter->run()
#8 {main}
CRITICAL - 2020-10-20 04:12:23 --> max__length is not a valid rule.
#0 C:\xampp\htdocs\boscoding\vendor\codeigniter4\framework\system\Validation\Validation.php(333): CodeIgniter\Validation\Exceptions\ValidationException::forRuleNotFound('max__length')
#1 C:\xampp\htdocs\boscoding\vendor\codeigniter4\framework\system\Validation\Validation.php(189): CodeIgniter\Validation\Validation->processRules('usermame', 'usermame', 'Arry046696', Array, Array)
#2 C:\xampp\htdocs\boscoding\vendor\codeigniter4\framework\system\Controller.php(219): CodeIgniter\Validation\Validation->run()
#3 C:\xampp\htdocs\boscoding\app\Controllers\Register.php(34): CodeIgniter\Controller->validate(Array)
#4 C:\xampp\htdocs\boscoding\vendor\codeigniter4\framework\system\CodeIgniter.php(918): App\Controllers\Register->index()
#5 C:\xampp\htdocs\boscoding\vendor\codeigniter4\framework\system\CodeIgniter.php(404): CodeIgniter\CodeIgniter->runController(Object(App\Controllers\Register))
#6 C:\xampp\htdocs\boscoding\vendor\codeigniter4\framework\system\CodeIgniter.php(312): CodeIgniter\CodeIgniter->handleRequest(NULL, Object(Config\Cache), false)
#7 C:\xampp\htdocs\boscoding\index.php(45): CodeIgniter\CodeIgniter->run()
#8 {main}
CRITICAL - 2020-10-20 04:12:58 --> Unable to connect to the database.
#0 C:\xampp\htdocs\boscoding\vendor\codeigniter4\framework\system\Database\BaseConnection.php(646): CodeIgniter\Database\BaseConnection->initialize()
#1 C:\xampp\htdocs\boscoding\vendor\codeigniter4\framework\system\Database\BaseBuilder.php(1860): CodeIgniter\Database\BaseConnection->query('SELECT 1\nFROM `...', Array, false)
#2 C:\xampp\htdocs\boscoding\vendor\codeigniter4\framework\system\Validation\Rules.php(240): CodeIgniter\Database\BaseBuilder->get()
#3 C:\xampp\htdocs\boscoding\vendor\codeigniter4\framework\system\Validation\Validation.php(325): CodeIgniter\Validation\Rules->is_unique('sumari.w4@gmail...', 'email', Array, NULL)
#4 C:\xampp\htdocs\boscoding\vendor\codeigniter4\framework\system\Validation\Validation.php(189): CodeIgniter\Validation\Validation->processRules('email', 'email', 'sumari.w4@gmail...', Array, Array)
#5 C:\xampp\htdocs\boscoding\vendor\codeigniter4\framework\system\Controller.php(219): CodeIgniter\Validation\Validation->run()
#6 C:\xampp\htdocs\boscoding\app\Controllers\Register.php(34): CodeIgniter\Controller->validate(Array)
#7 C:\xampp\htdocs\boscoding\vendor\codeigniter4\framework\system\CodeIgniter.php(918): App\Controllers\Register->index()
#8 C:\xampp\htdocs\boscoding\vendor\codeigniter4\framework\system\CodeIgniter.php(404): CodeIgniter\CodeIgniter->runController(Object(App\Controllers\Register))
#9 C:\xampp\htdocs\boscoding\vendor\codeigniter4\framework\system\CodeIgniter.php(312): CodeIgniter\CodeIgniter->handleRequest(NULL, Object(Config\Cache), false)
#10 C:\xampp\htdocs\boscoding\index.php(45): CodeIgniter\CodeIgniter->run()
#11 {main}
CRITICAL - 2020-10-20 04:14:59 --> max__length is not a valid rule.
#0 C:\xampp\htdocs\boscoding\vendor\codeigniter4\framework\system\Validation\Validation.php(333): CodeIgniter\Validation\Exceptions\ValidationException::forRuleNotFound('max__length')
#1 C:\xampp\htdocs\boscoding\vendor\codeigniter4\framework\system\Validation\Validation.php(189): CodeIgniter\Validation\Validation->processRules('usermame', 'usermame', 'Arry046696', Array, Array)
#2 C:\xampp\htdocs\boscoding\vendor\codeigniter4\framework\system\Controller.php(219): CodeIgniter\Validation\Validation->run()
#3 C:\xampp\htdocs\boscoding\app\Controllers\Register.php(34): CodeIgniter\Controller->validate(Array)
#4 C:\xampp\htdocs\boscoding\vendor\codeigniter4\framework\system\CodeIgniter.php(918): App\Controllers\Register->index()
#5 C:\xampp\htdocs\boscoding\vendor\codeigniter4\framework\system\CodeIgniter.php(404): CodeIgniter\CodeIgniter->runController(Object(App\Controllers\Register))
#6 C:\xampp\htdocs\boscoding\vendor\codeigniter4\framework\system\CodeIgniter.php(312): CodeIgniter\CodeIgniter->handleRequest(NULL, Object(Config\Cache), false)
#7 C:\xampp\htdocs\boscoding\index.php(45): CodeIgniter\CodeIgniter->run()
#8 {main}
CRITICAL - 2020-10-20 04:21:18 --> Unable to connect to the database.
#0 C:\xampp\htdocs\boscoding\vendor\codeigniter4\framework\system\Database\BaseConnection.php(646): CodeIgniter\Database\BaseConnection->initialize()
#1 C:\xampp\htdocs\boscoding\vendor\codeigniter4\framework\system\Database\BaseBuilder.php(1860): CodeIgniter\Database\BaseConnection->query('SELECT 1\nFROM `...', Array, false)
#2 C:\xampp\htdocs\boscoding\vendor\codeigniter4\framework\system\Validation\Rules.php(240): CodeIgniter\Database\BaseBuilder->get()
#3 C:\xampp\htdocs\boscoding\vendor\codeigniter4\framework\system\Validation\Validation.php(325): CodeIgniter\Validation\Rules->is_unique('sumari.w4@gmail...', 'email', Array, NULL)
#4 C:\xampp\htdocs\boscoding\vendor\codeigniter4\framework\system\Validation\Validation.php(189): CodeIgniter\Validation\Validation->processRules('email', 'email', 'sumari.w4@gmail...', Array, Array)
#5 C:\xampp\htdocs\boscoding\vendor\codeigniter4\framework\system\Controller.php(219): CodeIgniter\Validation\Validation->run()
#6 C:\xampp\htdocs\boscoding\app\Controllers\Register.php(34): CodeIgniter\Controller->validate(Array)
#7 C:\xampp\htdocs\boscoding\vendor\codeigniter4\framework\system\CodeIgniter.php(918): App\Controllers\Register->index()
#8 C:\xampp\htdocs\boscoding\vendor\codeigniter4\framework\system\CodeIgniter.php(404): CodeIgniter\CodeIgniter->runController(Object(App\Controllers\Register))
#9 C:\xampp\htdocs\boscoding\vendor\codeigniter4\framework\system\CodeIgniter.php(312): CodeIgniter\CodeIgniter->handleRequest(NULL, Object(Config\Cache), false)
#10 C:\xampp\htdocs\boscoding\index.php(45): CodeIgniter\CodeIgniter->run()
#11 {main}
CRITICAL - 2020-10-20 04:22:53 --> Unable to connect to the database.
#0 C:\xampp\htdocs\boscoding\vendor\codeigniter4\framework\system\Database\BaseConnection.php(646): CodeIgniter\Database\BaseConnection->initialize()
#1 C:\xampp\htdocs\boscoding\vendor\codeigniter4\framework\system\Database\BaseBuilder.php(1860): CodeIgniter\Database\BaseConnection->query('SELECT 1\nFROM `...', Array, false)
#2 C:\xampp\htdocs\boscoding\vendor\codeigniter4\framework\system\Validation\Rules.php(240): CodeIgniter\Database\BaseBuilder->get()
#3 C:\xampp\htdocs\boscoding\vendor\codeigniter4\framework\system\Validation\Validation.php(325): CodeIgniter\Validation\Rules->is_unique('sumari.w4@gmail...', 'email', Array, NULL)
#4 C:\xampp\htdocs\boscoding\vendor\codeigniter4\framework\system\Validation\Validation.php(189): CodeIgniter\Validation\Validation->processRules('email', 'email', 'sumari.w4@gmail...', Array, Array)
#5 C:\xampp\htdocs\boscoding\vendor\codeigniter4\framework\system\Controller.php(219): CodeIgniter\Validation\Validation->run()
#6 C:\xampp\htdocs\boscoding\app\Controllers\Register.php(34): CodeIgniter\Controller->validate(Array)
#7 C:\xampp\htdocs\boscoding\vendor\codeigniter4\framework\system\CodeIgniter.php(918): App\Controllers\Register->index()
#8 C:\xampp\htdocs\boscoding\vendor\codeigniter4\framework\system\CodeIgniter.php(404): CodeIgniter\CodeIgniter->runController(Object(App\Controllers\Register))
#9 C:\xampp\htdocs\boscoding\vendor\codeigniter4\framework\system\CodeIgniter.php(312): CodeIgniter\CodeIgniter->handleRequest(NULL, Object(Config\Cache), false)
#10 C:\xampp\htdocs\boscoding\index.php(45): CodeIgniter\CodeIgniter->run()
#11 {main}
CRITICAL - 2020-10-20 04:33:14 --> Unable to connect to the database.
#0 C:\xampp\htdocs\boscoding\vendor\codeigniter4\framework\system\Database\BaseConnection.php(646): CodeIgniter\Database\BaseConnection->initialize()
#1 C:\xampp\htdocs\boscoding\vendor\codeigniter4\framework\system\Database\BaseBuilder.php(1860): CodeIgniter\Database\BaseConnection->query('SELECT 1\nFROM `...', Array, false)
#2 C:\xampp\htdocs\boscoding\vendor\codeigniter4\framework\system\Validation\Rules.php(240): CodeIgniter\Database\BaseBuilder->get()
#3 C:\xampp\htdocs\boscoding\vendor\codeigniter4\framework\system\Validation\Validation.php(325): CodeIgniter\Validation\Rules->is_unique('sumari.w4@gmail...', 'email', Array, NULL)
#4 C:\xampp\htdocs\boscoding\vendor\codeigniter4\framework\system\Validation\Validation.php(189): CodeIgniter\Validation\Validation->processRules('email', 'email', 'sumari.w4@gmail...', Array, Array)
#5 C:\xampp\htdocs\boscoding\vendor\codeigniter4\framework\system\Controller.php(219): CodeIgniter\Validation\Validation->run()
#6 C:\xampp\htdocs\boscoding\app\Controllers\Register.php(34): CodeIgniter\Controller->validate(Array)
#7 C:\xampp\htdocs\boscoding\vendor\codeigniter4\framework\system\CodeIgniter.php(918): App\Controllers\Register->index()
#8 C:\xampp\htdocs\boscoding\vendor\codeigniter4\framework\system\CodeIgniter.php(404): CodeIgniter\CodeIgniter->runController(Object(App\Controllers\Register))
#9 C:\xampp\htdocs\boscoding\vendor\codeigniter4\framework\system\CodeIgniter.php(312): CodeIgniter\CodeIgniter->handleRequest(NULL, Object(Config\Cache), false)
#10 C:\xampp\htdocs\boscoding\index.php(45): CodeIgniter\CodeIgniter->run()
#11 {main}
CRITICAL - 2020-10-20 04:33:29 --> Unable to connect to the database.
#0 C:\xampp\htdocs\boscoding\vendor\codeigniter4\framework\system\Database\BaseConnection.php(646): CodeIgniter\Database\BaseConnection->initialize()
#1 C:\xampp\htdocs\boscoding\vendor\codeigniter4\framework\system\Database\BaseBuilder.php(1860): CodeIgniter\Database\BaseConnection->query('SELECT 1\nFROM `...', Array, false)
#2 C:\xampp\htdocs\boscoding\vendor\codeigniter4\framework\system\Validation\Rules.php(240): CodeIgniter\Database\BaseBuilder->get()
#3 C:\xampp\htdocs\boscoding\vendor\codeigniter4\framework\system\Validation\Validation.php(325): CodeIgniter\Validation\Rules->is_unique('sumari.w4@gmail...', 'email', Array, NULL)
#4 C:\xampp\htdocs\boscoding\vendor\codeigniter4\framework\system\Validation\Validation.php(189): CodeIgniter\Validation\Validation->processRules('email', 'email', 'sumari.w4@gmail...', Array, Array)
#5 C:\xampp\htdocs\boscoding\vendor\codeigniter4\framework\system\Controller.php(219): CodeIgniter\Validation\Validation->run()
#6 C:\xampp\htdocs\boscoding\app\Controllers\Register.php(34): CodeIgniter\Controller->validate(Array)
#7 C:\xampp\htdocs\boscoding\vendor\codeigniter4\framework\system\CodeIgniter.php(918): App\Controllers\Register->index()
#8 C:\xampp\htdocs\boscoding\vendor\codeigniter4\framework\system\CodeIgniter.php(404): CodeIgniter\CodeIgniter->runController(Object(App\Controllers\Register))
#9 C:\xampp\htdocs\boscoding\vendor\codeigniter4\framework\system\CodeIgniter.php(312): CodeIgniter\CodeIgniter->handleRequest(NULL, Object(Config\Cache), false)
#10 C:\xampp\htdocs\boscoding\index.php(45): CodeIgniter\CodeIgniter->run()
#11 {main}
CRITICAL - 2020-10-20 04:48:29 --> max__length is not a valid rule.
#0 C:\xampp\htdocs\boscoding\vendor\codeigniter4\framework\system\Validation\Validation.php(333): CodeIgniter\Validation\Exceptions\ValidationException::forRuleNotFound('max__length')
#1 C:\xampp\htdocs\boscoding\vendor\codeigniter4\framework\system\Validation\Validation.php(189): CodeIgniter\Validation\Validation->processRules('usermame', 'usermame', 'Arry046696', Array, Array)
#2 C:\xampp\htdocs\boscoding\vendor\codeigniter4\framework\system\Controller.php(219): CodeIgniter\Validation\Validation->run()
#3 C:\xampp\htdocs\boscoding\app\Controllers\Register.php(34): CodeIgniter\Controller->validate(Array)
#4 C:\xampp\htdocs\boscoding\vendor\codeigniter4\framework\system\CodeIgniter.php(918): App\Controllers\Register->index()
#5 C:\xampp\htdocs\boscoding\vendor\codeigniter4\framework\system\CodeIgniter.php(404): CodeIgniter\CodeIgniter->runController(Object(App\Controllers\Register))
#6 C:\xampp\htdocs\boscoding\vendor\codeigniter4\framework\system\CodeIgniter.php(312): CodeIgniter\CodeIgniter->handleRequest(NULL, Object(Config\Cache), false)
#7 C:\xampp\htdocs\boscoding\index.php(45): CodeIgniter\CodeIgniter->run()
#8 {main}
CRITICAL - 2020-10-20 04:52:14 -->  is not a valid rule.
#0 C:\xampp\htdocs\boscoding\vendor\codeigniter4\framework\system\Validation\Validation.php(333): CodeIgniter\Validation\Exceptions\ValidationException::forRuleNotFound('')
#1 C:\xampp\htdocs\boscoding\vendor\codeigniter4\framework\system\Validation\Validation.php(189): CodeIgniter\Validation\Validation->processRules('phone', 'phone', '081297719412', Array, Array)
#2 C:\xampp\htdocs\boscoding\vendor\codeigniter4\framework\system\Controller.php(219): CodeIgniter\Validation\Validation->run()
#3 C:\xampp\htdocs\boscoding\app\Controllers\Register.php(34): CodeIgniter\Controller->validate(Array)
#4 C:\xampp\htdocs\boscoding\vendor\codeigniter4\framework\system\CodeIgniter.php(918): App\Controllers\Register->index()
#5 C:\xampp\htdocs\boscoding\vendor\codeigniter4\framework\system\CodeIgniter.php(404): CodeIgniter\CodeIgniter->runController(Object(App\Controllers\Register))
#6 C:\xampp\htdocs\boscoding\vendor\codeigniter4\framework\system\CodeIgniter.php(312): CodeIgniter\CodeIgniter->handleRequest(NULL, Object(Config\Cache), false)
#7 C:\xampp\htdocs\boscoding\index.php(45): CodeIgniter\CodeIgniter->run()
#8 {main}
CRITICAL - 2020-10-20 05:04:48 --> max_lenght is not a valid rule.
#0 C:\xampp\htdocs\boscoding\vendor\codeigniter4\framework\system\Validation\Validation.php(333): CodeIgniter\Validation\Exceptions\ValidationException::forRuleNotFound('max_lenght')
#1 C:\xampp\htdocs\boscoding\vendor\codeigniter4\framework\system\Validation\Validation.php(189): CodeIgniter\Validation\Validation->processRules('usermame', 'usermame', 'Arry046696', Array, Array)
#2 C:\xampp\htdocs\boscoding\vendor\codeigniter4\framework\system\Controller.php(219): CodeIgniter\Validation\Validation->run()
#3 C:\xampp\htdocs\boscoding\app\Controllers\Register.php(34): CodeIgniter\Controller->validate(Array)
#4 C:\xampp\htdocs\boscoding\vendor\codeigniter4\framework\system\CodeIgniter.php(918): App\Controllers\Register->index()
#5 C:\xampp\htdocs\boscoding\vendor\codeigniter4\framework\system\CodeIgniter.php(404): CodeIgniter\CodeIgniter->runController(Object(App\Controllers\Register))
#6 C:\xampp\htdocs\boscoding\vendor\codeigniter4\framework\system\CodeIgniter.php(312): CodeIgniter\CodeIgniter->handleRequest(NULL, Object(Config\Cache), false)
#7 C:\xampp\htdocs\boscoding\index.php(45): CodeIgniter\CodeIgniter->run()
#8 {main}
CRITICAL - 2020-10-20 05:05:20 -->  is not a valid rule.
#0 C:\xampp\htdocs\boscoding\vendor\codeigniter4\framework\system\Validation\Validation.php(333): CodeIgniter\Validation\Exceptions\ValidationException::forRuleNotFound('')
#1 C:\xampp\htdocs\boscoding\vendor\codeigniter4\framework\system\Validation\Validation.php(189): CodeIgniter\Validation\Validation->processRules('phone', 'phone', '081297719412', Array, Array)
#2 C:\xampp\htdocs\boscoding\vendor\codeigniter4\framework\system\Controller.php(219): CodeIgniter\Validation\Validation->run()
#3 C:\xampp\htdocs\boscoding\app\Controllers\Register.php(34): CodeIgniter\Controller->validate(Array)
#4 C:\xampp\htdocs\boscoding\vendor\codeigniter4\framework\system\CodeIgniter.php(918): App\Controllers\Register->index()
#5 C:\xampp\htdocs\boscoding\vendor\codeigniter4\framework\system\CodeIgniter.php(404): CodeIgniter\CodeIgniter->runController(Object(App\Controllers\Register))
#6 C:\xampp\htdocs\boscoding\vendor\codeigniter4\framework\system\CodeIgniter.php(312): CodeIgniter\CodeIgniter->handleRequest(NULL, Object(Config\Cache), false)
#7 C:\xampp\htdocs\boscoding\index.php(45): CodeIgniter\CodeIgniter->run()
#8 {main}
CRITICAL - 2020-10-20 05:07:02 -->  is not a valid rule.
#0 C:\xampp\htdocs\boscoding\vendor\codeigniter4\framework\system\Validation\Validation.php(333): CodeIgniter\Validation\Exceptions\ValidationException::forRuleNotFound('')
#1 C:\xampp\htdocs\boscoding\vendor\codeigniter4\framework\system\Validation\Validation.php(189): CodeIgniter\Validation\Validation->processRules('phone', 'phone', '081297719412', Array, Array)
#2 C:\xampp\htdocs\boscoding\vendor\codeigniter4\framework\system\Controller.php(219): CodeIgniter\Validation\Validation->run()
#3 C:\xampp\htdocs\boscoding\app\Controllers\Register.php(34): CodeIgniter\Controller->validate(Array)
#4 C:\xampp\htdocs\boscoding\vendor\codeigniter4\framework\system\CodeIgniter.php(918): App\Controllers\Register->index()
#5 C:\xampp\htdocs\boscoding\vendor\codeigniter4\framework\system\CodeIgniter.php(404): CodeIgniter\CodeIgniter->runController(Object(App\Controllers\Register))
#6 C:\xampp\htdocs\boscoding\vendor\codeigniter4\framework\system\CodeIgniter.php(312): CodeIgniter\CodeIgniter->handleRequest(NULL, Object(Config\Cache), false)
#7 C:\xampp\htdocs\boscoding\index.php(45): CodeIgniter\CodeIgniter->run()
#8 {main}
CRITICAL - 2020-10-20 05:09:08 --> Use of undefined constant FILTER_SANITIZER_STRING - assumed 'FILTER_SANITIZER_STRING' (this will throw an Error in a future version of PHP)
#0 C:\xampp\htdocs\boscoding\app\Controllers\Register.php(40): CodeIgniter\Debug\Exceptions->errorHandler(2, 'Use of undefine...', 'C:\\xampp\\htdocs...', 40, Array)
#1 C:\xampp\htdocs\boscoding\vendor\codeigniter4\framework\system\CodeIgniter.php(918): App\Controllers\Register->index()
#2 C:\xampp\htdocs\boscoding\vendor\codeigniter4\framework\system\CodeIgniter.php(404): CodeIgniter\CodeIgniter->runController(Object(App\Controllers\Register))
#3 C:\xampp\htdocs\boscoding\vendor\codeigniter4\framework\system\CodeIgniter.php(312): CodeIgniter\CodeIgniter->handleRequest(NULL, Object(Config\Cache), false)
#4 C:\xampp\htdocs\boscoding\index.php(45): CodeIgniter\CodeIgniter->run()
#5 {main}
CRITICAL - 2020-10-20 06:09:33 --> Call to undefined function App\Controllers\emty()
#0 C:\xampp\htdocs\boscoding\vendor\codeigniter4\framework\system\CodeIgniter.php(918): App\Controllers\Register->activate()
#1 C:\xampp\htdocs\boscoding\vendor\codeigniter4\framework\system\CodeIgniter.php(404): CodeIgniter\CodeIgniter->runController(Object(App\Controllers\Register))
#2 C:\xampp\htdocs\boscoding\vendor\codeigniter4\framework\system\CodeIgniter.php(312): CodeIgniter\CodeIgniter->handleRequest(NULL, Object(Config\Cache), false)
#3 C:\xampp\htdocs\boscoding\index.php(45): CodeIgniter\CodeIgniter->run()
#4 {main}
CRITICAL - 2020-10-20 06:35:03 --> A non well formed numeric value encountered
#0 C:\xampp\htdocs\boscoding\app\Controllers\Register.php(108): CodeIgniter\Debug\Exceptions->errorHandler(8, 'A non well form...', 'C:\\xampp\\htdocs...', 108, Array)
#1 C:\xampp\htdocs\boscoding\app\Controllers\Register.php(87): App\Controllers\Register->verifyExpiryTime('2020-10-20 05:1...')
#2 C:\xampp\htdocs\boscoding\vendor\codeigniter4\framework\system\CodeIgniter.php(918): App\Controllers\Register->activate('602c84d65ce681e...')
#3 C:\xampp\htdocs\boscoding\vendor\codeigniter4\framework\system\CodeIgniter.php(404): CodeIgniter\CodeIgniter->runController(Object(App\Controllers\Register))
#4 C:\xampp\htdocs\boscoding\vendor\codeigniter4\framework\system\CodeIgniter.php(312): CodeIgniter\CodeIgniter->handleRequest(NULL, Object(Config\Cache), false)
#5 C:\xampp\htdocs\boscoding\index.php(45): CodeIgniter\CodeIgniter->run()
#6 {main}
CRITICAL - 2020-10-20 06:49:15 --> Call to undefined function sset()
#0 C:\xampp\htdocs\boscoding\vendor\codeigniter4\framework\system\View\View.php(246): include()
#1 C:\xampp\htdocs\boscoding\vendor\codeigniter4\framework\system\Common.php(1119): CodeIgniter\View\View->render('activation_view', Array, true)
#2 C:\xampp\htdocs\boscoding\app\Controllers\Register.php(109): view('activation_view', Array)
#3 C:\xampp\htdocs\boscoding\vendor\codeigniter4\framework\system\CodeIgniter.php(918): App\Controllers\Register->activate('26f19ed0de1e376...')
#4 C:\xampp\htdocs\boscoding\vendor\codeigniter4\framework\system\CodeIgniter.php(404): CodeIgniter\CodeIgniter->runController(Object(App\Controllers\Register))
#5 C:\xampp\htdocs\boscoding\vendor\codeigniter4\framework\system\CodeIgniter.php(312): CodeIgniter\CodeIgniter->handleRequest(NULL, Object(Config\Cache), false)
#6 C:\xampp\htdocs\boscoding\index.php(45): CodeIgniter\CodeIgniter->run()
#7 {main}
CRITICAL - 2020-10-20 07:16:36 --> Undefined variable: page_session
#0 C:\xampp\htdocs\boscoding\app\Views\login_view.php(22): CodeIgniter\Debug\Exceptions->errorHandler(8, 'Undefined varia...', 'C:\\xampp\\htdocs...', 22, Array)
#1 C:\xampp\htdocs\boscoding\vendor\codeigniter4\framework\system\View\View.php(246): include('C:\\xampp\\htdocs...')
#2 C:\xampp\htdocs\boscoding\vendor\codeigniter4\framework\system\Common.php(1119): CodeIgniter\View\View->render('login_view', Array, true)
#3 C:\xampp\htdocs\boscoding\app\Controllers\Login.php(43): view('login_view', Array)
#4 C:\xampp\htdocs\boscoding\vendor\codeigniter4\framework\system\CodeIgniter.php(918): App\Controllers\Login->index()
#5 C:\xampp\htdocs\boscoding\vendor\codeigniter4\framework\system\CodeIgniter.php(404): CodeIgniter\CodeIgniter->runController(Object(App\Controllers\Login))
#6 C:\xampp\htdocs\boscoding\vendor\codeigniter4\framework\system\CodeIgniter.php(312): CodeIgniter\CodeIgniter->handleRequest(NULL, Object(Config\Cache), false)
#7 C:\xampp\htdocs\boscoding\index.php(45): CodeIgniter\CodeIgniter->run()
#8 {main}
CRITICAL - 2020-10-20 07:17:42 --> Undefined variable: email
#0 C:\xampp\htdocs\boscoding\app\Controllers\Login.php(31): CodeIgniter\Debug\Exceptions->errorHandler(8, 'Undefined varia...', 'C:\\xampp\\htdocs...', 31, Array)
#1 C:\xampp\htdocs\boscoding\vendor\codeigniter4\framework\system\CodeIgniter.php(918): App\Controllers\Login->index()
#2 C:\xampp\htdocs\boscoding\vendor\codeigniter4\framework\system\CodeIgniter.php(404): CodeIgniter\CodeIgniter->runController(Object(App\Controllers\Login))
#3 C:\xampp\htdocs\boscoding\vendor\codeigniter4\framework\system\CodeIgniter.php(312): CodeIgniter\CodeIgniter->handleRequest(NULL, Object(Config\Cache), false)
#4 C:\xampp\htdocs\boscoding\index.php(45): CodeIgniter\CodeIgniter->run()
#5 {main}
CRITICAL - 2020-10-20 07:19:45 --> Undefined variable: email
#0 C:\xampp\htdocs\boscoding\app\Controllers\Login.php(31): CodeIgniter\Debug\Exceptions->errorHandler(8, 'Undefined varia...', 'C:\\xampp\\htdocs...', 31, Array)
#1 C:\xampp\htdocs\boscoding\vendor\codeigniter4\framework\system\CodeIgniter.php(918): App\Controllers\Login->index()
#2 C:\xampp\htdocs\boscoding\vendor\codeigniter4\framework\system\CodeIgniter.php(404): CodeIgniter\CodeIgniter->runController(Object(App\Controllers\Login))
#3 C:\xampp\htdocs\boscoding\vendor\codeigniter4\framework\system\CodeIgniter.php(312): CodeIgniter\CodeIgniter->handleRequest(NULL, Object(Config\Cache), false)
#4 C:\xampp\htdocs\boscoding\index.php(45): CodeIgniter\CodeIgniter->run()
#5 {main}
CRITICAL - 2020-10-20 07:21:54 --> Undefined variable: email
#0 C:\xampp\htdocs\boscoding\app\Controllers\Login.php(31): CodeIgniter\Debug\Exceptions->errorHandler(8, 'Undefined varia...', 'C:\\xampp\\htdocs...', 31, Array)
#1 C:\xampp\htdocs\boscoding\vendor\codeigniter4\framework\system\CodeIgniter.php(918): App\Controllers\Login->index()
#2 C:\xampp\htdocs\boscoding\vendor\codeigniter4\framework\system\CodeIgniter.php(404): CodeIgniter\CodeIgniter->runController(Object(App\Controllers\Login))
#3 C:\xampp\htdocs\boscoding\vendor\codeigniter4\framework\system\CodeIgniter.php(312): CodeIgniter\CodeIgniter->handleRequest(NULL, Object(Config\Cache), false)
#4 C:\xampp\htdocs\boscoding\index.php(45): CodeIgniter\CodeIgniter->run()
#5 {main}
CRITICAL - 2020-10-20 07:22:30 --> Undefined variable: email
#0 C:\xampp\htdocs\boscoding\app\Controllers\Login.php(31): CodeIgniter\Debug\Exceptions->errorHandler(8, 'Undefined varia...', 'C:\\xampp\\htdocs...', 31, Array)
#1 C:\xampp\htdocs\boscoding\vendor\codeigniter4\framework\system\CodeIgniter.php(918): App\Controllers\Login->index()
#2 C:\xampp\htdocs\boscoding\vendor\codeigniter4\framework\system\CodeIgniter.php(404): CodeIgniter\CodeIgniter->runController(Object(App\Controllers\Login))
#3 C:\xampp\htdocs\boscoding\vendor\codeigniter4\framework\system\CodeIgniter.php(312): CodeIgniter\CodeIgniter->handleRequest(NULL, Object(Config\Cache), false)
#4 C:\xampp\htdocs\boscoding\index.php(45): CodeIgniter\CodeIgniter->run()
#5 {main}
CRITICAL - 2020-10-20 07:22:57 --> Unknown column 'username' in 'field list'
#0 C:\xampp\htdocs\boscoding\vendor\codeigniter4\framework\system\Database\MySQLi\Connection.php(331): mysqli->query('SELECT `uniid`,...')
#1 C:\xampp\htdocs\boscoding\vendor\codeigniter4\framework\system\Database\BaseConnection.php(741): CodeIgniter\Database\MySQLi\Connection->execute('SELECT `uniid`,...')
#2 C:\xampp\htdocs\boscoding\vendor\codeigniter4\framework\system\Database\BaseConnection.php(669): CodeIgniter\Database\BaseConnection->simpleQuery('SELECT `uniid`,...')
#3 C:\xampp\htdocs\boscoding\vendor\codeigniter4\framework\system\Database\BaseBuilder.php(1860): CodeIgniter\Database\BaseConnection->query('SELECT `uniid`,...', Array, false)
#4 C:\xampp\htdocs\boscoding\app\Models\LoginModel.php(13): CodeIgniter\Database\BaseBuilder->get()
#5 C:\xampp\htdocs\boscoding\app\Controllers\Login.php(31): App\Models\LoginModel->verifyEmail('sumary@astronac...')
#6 C:\xampp\htdocs\boscoding\vendor\codeigniter4\framework\system\CodeIgniter.php(918): App\Controllers\Login->index()
#7 C:\xampp\htdocs\boscoding\vendor\codeigniter4\framework\system\CodeIgniter.php(404): CodeIgniter\CodeIgniter->runController(Object(App\Controllers\Login))
#8 C:\xampp\htdocs\boscoding\vendor\codeigniter4\framework\system\CodeIgniter.php(312): CodeIgniter\CodeIgniter->handleRequest(NULL, Object(Config\Cache), false)
#9 C:\xampp\htdocs\boscoding\index.php(45): CodeIgniter\CodeIgniter->run()
#10 {main}
CRITICAL - 2020-10-20 07:35:59 --> Undefined index: password
#0 C:\xampp\htdocs\boscoding\app\Controllers\Login.php(33): CodeIgniter\Debug\Exceptions->errorHandler(8, 'Undefined index...', 'C:\\xampp\\htdocs...', 33, Array)
#1 C:\xampp\htdocs\boscoding\vendor\codeigniter4\framework\system\CodeIgniter.php(918): App\Controllers\Login->index()
#2 C:\xampp\htdocs\boscoding\vendor\codeigniter4\framework\system\CodeIgniter.php(404): CodeIgniter\CodeIgniter->runController(Object(App\Controllers\Login))
#3 C:\xampp\htdocs\boscoding\vendor\codeigniter4\framework\system\CodeIgniter.php(312): CodeIgniter\CodeIgniter->handleRequest(NULL, Object(Config\Cache), false)
#4 C:\xampp\htdocs\boscoding\index.php(45): CodeIgniter\CodeIgniter->run()
#5 {main}
CRITICAL - 2020-10-20 07:36:46 --> Undefined index: password
#0 C:\xampp\htdocs\boscoding\app\Controllers\Login.php(33): CodeIgniter\Debug\Exceptions->errorHandler(8, 'Undefined index...', 'C:\\xampp\\htdocs...', 33, Array)
#1 C:\xampp\htdocs\boscoding\vendor\codeigniter4\framework\system\CodeIgniter.php(918): App\Controllers\Login->index()
#2 C:\xampp\htdocs\boscoding\vendor\codeigniter4\framework\system\CodeIgniter.php(404): CodeIgniter\CodeIgniter->runController(Object(App\Controllers\Login))
#3 C:\xampp\htdocs\boscoding\vendor\codeigniter4\framework\system\CodeIgniter.php(312): CodeIgniter\CodeIgniter->handleRequest(NULL, Object(Config\Cache), false)
#4 C:\xampp\htdocs\boscoding\index.php(45): CodeIgniter\CodeIgniter->run()
#5 {main}
CRITICAL - 2020-10-20 07:41:00 --> Undefined index: password
#0 C:\xampp\htdocs\boscoding\app\Controllers\Login.php(33): CodeIgniter\Debug\Exceptions->errorHandler(8, 'Undefined index...', 'C:\\xampp\\htdocs...', 33, Array)
#1 C:\xampp\htdocs\boscoding\vendor\codeigniter4\framework\system\CodeIgniter.php(918): App\Controllers\Login->index()
#2 C:\xampp\htdocs\boscoding\vendor\codeigniter4\framework\system\CodeIgniter.php(404): CodeIgniter\CodeIgniter->runController(Object(App\Controllers\Login))
#3 C:\xampp\htdocs\boscoding\vendor\codeigniter4\framework\system\CodeIgniter.php(312): CodeIgniter\CodeIgniter->handleRequest(NULL, Object(Config\Cache), false)
#4 C:\xampp\htdocs\boscoding\index.php(45): CodeIgniter\CodeIgniter->run()
#5 {main}
CRITICAL - 2020-10-20 07:53:44 --> Use of undefined constant base_url - assumed 'base_url' (this will throw an Error in a future version of PHP)
#0 C:\xampp\htdocs\boscoding\app\Controllers\Login.php(37): CodeIgniter\Debug\Exceptions->errorHandler(2, 'Use of undefine...', 'C:\\xampp\\htdocs...', 37, Array)
#1 C:\xampp\htdocs\boscoding\vendor\codeigniter4\framework\system\CodeIgniter.php(918): App\Controllers\Login->index()
#2 C:\xampp\htdocs\boscoding\vendor\codeigniter4\framework\system\CodeIgniter.php(404): CodeIgniter\CodeIgniter->runController(Object(App\Controllers\Login))
#3 C:\xampp\htdocs\boscoding\vendor\codeigniter4\framework\system\CodeIgniter.php(312): CodeIgniter\CodeIgniter->handleRequest(NULL, Object(Config\Cache), false)
#4 C:\xampp\htdocs\boscoding\index.php(45): CodeIgniter\CodeIgniter->run()
#5 {main}
CRITICAL - 2020-10-20 07:54:43 --> Use of undefined constant base_url - assumed 'base_url' (this will throw an Error in a future version of PHP)
#0 C:\xampp\htdocs\boscoding\app\Controllers\Login.php(37): CodeIgniter\Debug\Exceptions->errorHandler(2, 'Use of undefine...', 'C:\\xampp\\htdocs...', 37, Array)
#1 C:\xampp\htdocs\boscoding\vendor\codeigniter4\framework\system\CodeIgniter.php(918): App\Controllers\Login->index()
#2 C:\xampp\htdocs\boscoding\vendor\codeigniter4\framework\system\CodeIgniter.php(404): CodeIgniter\CodeIgniter->runController(Object(App\Controllers\Login))
#3 C:\xampp\htdocs\boscoding\vendor\codeigniter4\framework\system\CodeIgniter.php(312): CodeIgniter\CodeIgniter->handleRequest(NULL, Object(Config\Cache), false)
#4 C:\xampp\htdocs\boscoding\index.php(45): CodeIgniter\CodeIgniter->run()
#5 {main}
CRITICAL - 2020-10-20 22:21:17 --> Undefined variable: data
#0 C:\xampp\htdocs\boscoding\app\Controllers\Dashboard.php(21): CodeIgniter\Debug\Exceptions->errorHandler(8, 'Undefined varia...', 'C:\\xampp\\htdocs...', 21, Array)
#1 C:\xampp\htdocs\boscoding\vendor\codeigniter4\framework\system\CodeIgniter.php(918): App\Controllers\Dashboard->index()
#2 C:\xampp\htdocs\boscoding\vendor\codeigniter4\framework\system\CodeIgniter.php(404): CodeIgniter\CodeIgniter->runController(Object(App\Controllers\Dashboard))
#3 C:\xampp\htdocs\boscoding\vendor\codeigniter4\framework\system\CodeIgniter.php(312): CodeIgniter\CodeIgniter->handleRequest(NULL, Object(Config\Cache), false)
#4 C:\xampp\htdocs\boscoding\index.php(45): CodeIgniter\CodeIgniter->run()
#5 {main}
CRITICAL - 2020-10-20 22:22:22 --> Undefined property: stdClass::$username
#0 C:\xampp\htdocs\boscoding\app\Views\admin\dashboard_view.php(16): CodeIgniter\Debug\Exceptions->errorHandler(8, 'Undefined prope...', 'C:\\xampp\\htdocs...', 16, Array)
#1 C:\xampp\htdocs\boscoding\vendor\codeigniter4\framework\system\View\View.php(246): include('C:\\xampp\\htdocs...')
#2 C:\xampp\htdocs\boscoding\vendor\codeigniter4\framework\system\Common.php(1119): CodeIgniter\View\View->render('admin/dashboard...', Array, true)
#3 C:\xampp\htdocs\boscoding\app\Controllers\Dashboard.php(23): view('admin/dashboard...', Array)
#4 C:\xampp\htdocs\boscoding\vendor\codeigniter4\framework\system\CodeIgniter.php(918): App\Controllers\Dashboard->index()
#5 C:\xampp\htdocs\boscoding\vendor\codeigniter4\framework\system\CodeIgniter.php(404): CodeIgniter\CodeIgniter->runController(Object(App\Controllers\Dashboard))
#6 C:\xampp\htdocs\boscoding\vendor\codeigniter4\framework\system\CodeIgniter.php(312): CodeIgniter\CodeIgniter->handleRequest(NULL, Object(Config\Cache), false)
#7 C:\xampp\htdocs\boscoding\index.php(45): CodeIgniter\CodeIgniter->run()
#8 {main}
CRITICAL - 2020-10-20 22:47:35 --> syntax error, unexpected 'if' (T_IF)
#0 C:\xampp\htdocs\boscoding\vendor\codeigniter4\framework\system\Common.php(1119): CodeIgniter\View\View->render('admin/dashboard...', Array, true)
#1 C:\xampp\htdocs\boscoding\app\Controllers\Dashboard.php(23): view('admin/dashboard...', Array)
#2 C:\xampp\htdocs\boscoding\vendor\codeigniter4\framework\system\CodeIgniter.php(918): App\Controllers\Dashboard->index()
#3 C:\xampp\htdocs\boscoding\vendor\codeigniter4\framework\system\CodeIgniter.php(404): CodeIgniter\CodeIgniter->runController(Object(App\Controllers\Dashboard))
#4 C:\xampp\htdocs\boscoding\vendor\codeigniter4\framework\system\CodeIgniter.php(312): CodeIgniter\CodeIgniter->handleRequest(NULL, Object(Config\Cache), false)
#5 C:\xampp\htdocs\boscoding\index.php(45): CodeIgniter\CodeIgniter->run()
#6 {main}
